<?xml version="1.0" encoding="UTF-8"?>
<testng-results skipped="0" failed="0" ignored="0" total="1" passed="1">
  <reporter-output>
  </reporter-output>
  <suite name="Default suite" duration-ms="4499" started-at="2019-07-22T19:02:33Z" finished-at="2019-07-22T19:02:37Z">
    <groups>
    </groups>
    <test name="Default test" duration-ms="4499" started-at="2019-07-22T19:02:33Z" finished-at="2019-07-22T19:02:37Z">
      <class name="RestAssured.ValidateHeader">
        <test-method status="PASS" signature="validateHeader()[pri:0, instance:RestAssured.ValidateHeader@29ee9faa]" name="validateHeader" duration-ms="4466" started-at="2019-07-22T19:02:33Z" finished-at="2019-07-22T19:02:37Z">
          <reporter-output>
          </reporter-output>
        </test-method> <!-- validateHeader -->
      </class> <!-- RestAssured.ValidateHeader -->
    </test> <!-- Default test -->
  </suite> <!-- Default suite -->
</testng-results>
